Status code for https://help.zoho.com/portal/en/kb/crm: 200
Контент не знайдено на https://help.zoho.com/portal/en/kb/crm. Ось частина HTML:

<!DOCTYPE html>
<html id="portal_html" lang=en><head>                  
<meta http-equiv="X-UA-Compatible" content="IE=edge" /><meta name="viewport" content="width=device-width, initial-scale=1, maximum-scale=1" /><meta http-equiv="Cache-Control" content="no-cache, no-store, must-revalidate" /><meta http-equiv="Pragma" content="no-cache" />
<meta name="google-site-verification" content="of_whMql7kmGC82RdAedjB8rckgLI5tS9f1MUhJBM4w"/>
<link rel="preconnect" href="//static.zohocdn.com"><script nonce="05cd8ccbe6afd48848532bd333d06e4f">var PortalInfo = JSON.parse("\x7B\x22csp\x22\x3A\x7B\x22scriptSrcNonce\x22\x3A\x2205cd8ccbe6afd48848532bd333d06e4f\x22\x7D,\x22agentsLoginPageURL\x22\x3A\x22https\x3A\x2F\x2Faccounts.zoho.com\x2Flogin\x3Fservicename\x3DZohoSupport\x26serviceurl\x3D\x252Fsupport\x252Fzohocorp\x22,\x22isJWTEnabled\x22\x3Afalse,\x22endUsersLoginPageURL\x22\x3A\x22https\x3A\x2F\x2Faccounts.zohoportal.com\x2Faccounts\x2Fextoauth\x2Fclientrequest\x3Fportal\x3D10000009116\x26client
Selenium HTML отримано для https://help.zoho.com/portal/en/kb/crm
Контент не знайдено на https://help.zoho.com/portal/en/kb/crm. Ось частина HTML:
<html id="portal_html" lang="en"><head>                  
<meta name="title" content="CRM Knowledge Base"><meta name="keywords" content="CRM Knowledge Base"><meta name="description" content="CRM that helps you sell smarter, better, faster. Knowledge Base"><meta http-equiv="X-UA-Compatible" content="IE=edge"><meta name="viewport" content="width=device-width, initial-scale=1, maximum-scale=1"><meta http-equiv="Cache-Control" content="no-cache, no-store, must-revalidate"><meta http-equiv="Pragma" content="no-cache">
<meta name="google-site-verification" content="of_whMql7kmGC82RdAedjB8rckgLI5tS9f1MUhJBM4w">
<link rel="alternate" href="https://help.zoho.com/portal/en/kb/crm" hreflang="x-default"><link rel="alternate" href="https://help.zoho.com/portal/vi/kb/crm" hreflang="vi"><link rel="alternate" href="https://help.zoho.com/portal/id/kb/crm" hreflang="id"><link rel="alternate" href="https://help.zoho.com/portal/zh/kb/crm" hreflang="zh"><link rel="alternate" href="https://help.zoho.com/por
Selenium HTML отримано для https://help.zoho.com/portal/en/kb/crm
Контент не знайдено на https://help.zoho.com/portal/en/kb/crm. Ось частина HTML:
<html id="portal_html" lang="en"><head>                  
<meta name="title" content="CRM Knowledge Base"><meta name="keywords" content="CRM Knowledge Base"><meta name="description" content="CRM that helps you sell smarter, better, faster. Knowledge Base"><meta http-equiv="X-UA-Compatible" content="IE=edge"><meta name="viewport" content="width=device-width, initial-scale=1, maximum-scale=1"><meta http-equiv="Cache-Control" content="no-cache, no-store, must-revalidate"><meta http-equiv="Pragma" content="no-cache">
<meta name="google-site-verification" content="of_whMql7kmGC82RdAedjB8rckgLI5tS9f1MUhJBM4w">
<link rel="alternate" href="https://help.zoho.com/portal/en/kb/crm" hreflang="x-default"><link rel="alternate" href="https://help.zoho.com/portal/vi/kb/crm" hreflang="vi"><link rel="alternate" href="https://help.zoho.com/portal/id/kb/crm" hreflang="id"><link rel="alternate" href="https://help.zoho.com/portal/zh/kb/crm" hreflang="zh"><link rel="alternate" href="https://help.zoho.com/por
Selenium HTML отримано для https://help.zoho.com/portal/en/kb/crm
Контент не знайдено на https://help.zoho.com/portal/en/kb/crm. Ось частина HTML:
<html id="portal_html" lang="en"><head>                  
<meta name="title" content="CRM Knowledge Base"><meta name="keywords" content="CRM Knowledge Base"><meta name="description" content="CRM that helps you sell smarter, better, faster. Knowledge Base"><meta http-equiv="X-UA-Compatible" content="IE=edge"><meta name="viewport" content="width=device-width, initial-scale=1, maximum-scale=1"><meta http-equiv="Cache-Control" content="no-cache, no-store, must-revalidate"><meta http-equiv="Pragma" content="no-cache">
<meta name="google-site-verification" content="of_whMql7kmGC82RdAedjB8rckgLI5tS9f1MUhJBM4w">
<link rel="alternate" href="https://help.zoho.com/portal/en/kb/crm" hreflang="x-default"><link rel="alternate" href="https://help.zoho.com/portal/vi/kb/crm" hreflang="vi"><link rel="alternate" href="https://help.zoho.com/portal/id/kb/crm" hreflang="id"><link rel="alternate" href="https://help.zoho.com/portal/zh/kb/crm" hreflang="zh"><link rel="alternate" href="https://help.zoho.com/por
Selenium HTML отримано для https://help.zoho.com/portal/en/kb/crm
Контент не знайдено на https://help.zoho.com/portal/en/kb/crm. Ось частина HTML:
<html id="portal_html" lang="en"><head>                  
<meta name="title" content="CRM Knowledge Base"><meta name="keywords" content="CRM Knowledge Base"><meta name="description" content="CRM that helps you sell smarter, better, faster. Knowledge Base"><meta http-equiv="X-UA-Compatible" content="IE=edge"><meta name="viewport" content="width=device-width, initial-scale=1, maximum-scale=1"><meta http-equiv="Cache-Control" content="no-cache, no-store, must-revalidate"><meta http-equiv="Pragma" content="no-cache">
<meta name="google-site-verification" content="of_whMql7kmGC82RdAedjB8rckgLI5tS9f1MUhJBM4w">
<link rel="alternate" href="https://help.zoho.com/portal/en/kb/crm" hreflang="x-default"><link rel="alternate" href="https://help.zoho.com/portal/vi/kb/crm" hreflang="vi"><link rel="alternate" href="https://help.zoho.com/portal/id/kb/crm" hreflang="id"><link rel="alternate" href="https://help.zoho.com/portal/zh/kb/crm" hreflang="zh"><link rel="alternate" href="https://help.zoho.com/por
Selenium HTML отримано для https://help.zoho.com/portal/en/kb/crm
Не знайдено контейнер з розділами!
Selenium HTML отримано для https://help.zoho.com/portal/en/kb/crm
Не знайдено контейнер з розділами!
Selenium HTML отримано для https://help.zoho.com/portal/en/kb/crm
Selenium HTML отримано для https://help.zoho.com/portal/en/kb/crm
Selenium HTML отримано для https://help.zoho.com/portal/en/kb/crm
